<?xml version="1.0" encoding="UTF-8"?>
<coverage generated="1767899839532" clover="3.2.0">
  <project timestamp="1767899839532" name="All files">
    <metrics statements="34" coveredstatements="34" conditionals="10" coveredconditionals="10" methods="10" coveredmethods="10" elements="54" coveredelements="54" complexity="0" loc="34" ncloc="34" packages="5" files="9" classes="9"/>
    <package name="Body">
      <metrics statements="3" coveredstatements="3" conditionals="0" coveredconditionals="0" methods="1" coveredmethods="1"/>
      <file name="index.tsx" path="C:\Users\Marinara Souza Silva\Desktop\Estudo CSharp\Portifólio\JVM-LauchPad\jvm-launchpad-front\jvm-launchpad-front\src\squad5\components\Body\index.tsx">
        <metrics statements="1" coveredstatements="1" conditionals="0" coveredconditionals="0" methods="1" coveredmethods="1"/>
        <line num="5" count="1" type="stmt"/>
      </file>
      <file name="styles.ts" path="C:\Users\Marinara Souza Silva\Desktop\Estudo CSharp\Portifólio\JVM-LauchPad\jvm-launchpad-front\jvm-launchpad-front\src\squad5\components\Body\styles.ts">
        <metrics statements="2" coveredstatements="2" conditionals="0" coveredconditionals="0" methods="0" coveredmethods="0"/>
        <line num="5" count="1" type="stmt"/>
        <line num="30" count="1" type="stmt"/>
      </file>
    </package>
    <package name="Button">
      <metrics statements="6" coveredstatements="6" conditionals="6" coveredconditionals="6" methods="4" coveredmethods="4"/>
      <file name="index.tsx" path="C:\Users\Marinara Souza Silva\Desktop\Estudo CSharp\Portifólio\JVM-LauchPad\jvm-launchpad-front\jvm-launchpad-front\src\squad5\components\Button\index.tsx">
        <metrics statements="2" coveredstatements="2" conditionals="0" coveredconditionals="0" methods="1" coveredmethods="1"/>
        <line num="5" count="1" type="stmt"/>
        <line num="7" count="6" type="stmt"/>
      </file>
      <file name="styles.ts" path="C:\Users\Marinara Souza Silva\Desktop\Estudo CSharp\Portifólio\JVM-LauchPad\jvm-launchpad-front\jvm-launchpad-front\src\squad5\components\Button\styles.ts">
        <metrics statements="4" coveredstatements="4" conditionals="6" coveredconditionals="6" methods="3" coveredmethods="3"/>
        <line num="4" count="1" type="stmt"/>
        <line num="10" count="6" type="cond" truecount="2" falsecount="0"/>
        <line num="27" count="6" type="cond" truecount="2" falsecount="0"/>
        <line num="41" count="6" type="cond" truecount="2" falsecount="0"/>
      </file>
    </package>
    <package name="Input">
      <metrics statements="7" coveredstatements="7" conditionals="2" coveredconditionals="2" methods="2" coveredmethods="2"/>
      <file name="index.tsx" path="C:\Users\Marinara Souza Silva\Desktop\Estudo CSharp\Portifólio\JVM-LauchPad\jvm-launchpad-front\jvm-launchpad-front\src\squad5\components\Input\index.tsx">
        <metrics statements="2" coveredstatements="2" conditionals="2" coveredconditionals="2" methods="2" coveredmethods="2"/>
        <line num="6" count="4" type="stmt"/>
        <line num="21" count="1" type="stmt"/>
      </file>
      <file name="styles.ts" path="C:\Users\Marinara Souza Silva\Desktop\Estudo CSharp\Portifólio\JVM-LauchPad\jvm-launchpad-front\jvm-launchpad-front\src\squad5\components\Input\styles.ts">
        <metrics statements="5" coveredstatements="5" conditionals="0" coveredconditionals="0" methods="0" coveredmethods="0"/>
        <line num="4" count="1" type="stmt"/>
        <line num="19" count="1" type="stmt"/>
        <line num="31" count="1" type="stmt"/>
        <line num="40" count="1" type="stmt"/>
        <line num="50" count="1" type="stmt"/>
      </file>
    </package>
    <package name="Modal">
      <metrics statements="8" coveredstatements="8" conditionals="2" coveredconditionals="2" methods="1" coveredmethods="1"/>
      <file name="styles.ts" path="C:\Users\Marinara Souza Silva\Desktop\Estudo CSharp\Portifólio\JVM-LauchPad\jvm-launchpad-front\jvm-launchpad-front\src\squad5\components\Modal\styles.ts">
        <metrics statements="8" coveredstatements="8" conditionals="2" coveredconditionals="2" methods="1" coveredmethods="1"/>
        <line num="3" count="1" type="stmt"/>
        <line num="10" count="3" type="cond" truecount="2" falsecount="0"/>
        <line num="16" count="1" type="stmt"/>
        <line num="32" count="1" type="stmt"/>
        <line num="45" count="1" type="stmt"/>
        <line num="56" count="1" type="stmt"/>
        <line num="70" count="1" type="stmt"/>
        <line num="80" count="1" type="stmt"/>
      </file>
    </package>
    <package name="Title">
      <metrics statements="10" coveredstatements="10" conditionals="0" coveredconditionals="0" methods="2" coveredmethods="2"/>
      <file name="index.tsx" path="C:\Users\Marinara Souza Silva\Desktop\Estudo CSharp\Portifólio\JVM-LauchPad\jvm-launchpad-front\jvm-launchpad-front\src\squad5\components\Title\index.tsx">
        <metrics statements="4" coveredstatements="4" conditionals="0" coveredconditionals="0" methods="2" coveredmethods="2"/>
        <line num="5" count="1" type="stmt"/>
        <line num="7" count="2" type="stmt"/>
        <line num="20" count="1" type="stmt"/>
        <line num="22" count="2" type="stmt"/>
      </file>
      <file name="styles.ts" path="C:\Users\Marinara Souza Silva\Desktop\Estudo CSharp\Portifólio\JVM-LauchPad\jvm-launchpad-front\jvm-launchpad-front\src\squad5\components\Title\styles.ts">
        <metrics statements="6" coveredstatements="6" conditionals="0" coveredconditionals="0" methods="0" coveredmethods="0"/>
        <line num="3" count="1" type="stmt"/>
        <line num="11" count="1" type="stmt"/>
        <line num="21" count="1" type="stmt"/>
        <line num="31" count="1" type="stmt"/>
        <line num="39" count="1" type="stmt"/>
        <line num="49" count="1" type="stmt"/>
      </file>
    </package>
  </project>
</coverage>
