{"C:\\Users\\Marinara Souza Silva\\Desktop\\Estudo CSharp\\Portifólio\\JVM-LauchPad\\jvm-launchpad-front\\jvm-launchpad-front\\src\\squad5\\components\\Body\\index.tsx": {"path":"C:\\Users\\Marinara Souza Silva\\Desktop\\Estudo CSharp\\Portifólio\\JVM-LauchPad\\jvm-launchpad-front\\jvm-launchpad-front\\src\\squad5\\components\\Body\\index.tsx","statementMap":{"0":{"start":{"line":5,"column":4},"end":{"line":8,"column":null}}},"fnMap":{"0":{"name":"Body","decl":{"start":{"line":4,"column":16},"end":{"line":4,"column":21}},"loc":{"start":{"line":4,"column":42},"end":{"line":11,"column":null}},"line":4}},"branchMap":{},"s":{"0":1},"f":{"0":1},"b":{},"meta":{"lastBranch":0,"lastFunction":1,"lastStatement":1,"seen":{"f:4:16:4:21":0,"s:5:4:8:Infinity":0}}}
,"C:\\Users\\Marinara Souza Silva\\Desktop\\Estudo CSharp\\Portifólio\\JVM-LauchPad\\jvm-launchpad-front\\jvm-launchpad-front\\src\\squad5\\components\\Body\\styles.ts": {"path":"C:\\Users\\Marinara Souza Silva\\Desktop\\Estudo CSharp\\Portifólio\\JVM-LauchPad\\jvm-launchpad-front\\jvm-launchpad-front\\src\\squad5\\components\\Body\\styles.ts","statementMap":{"0":{"start":{"line":5,"column":29},"end":{"line":18,"column":null}},"1":{"start":{"line":30,"column":24},"end":{"line":30,"column":null}}},"fnMap":{},"branchMap":{},"s":{"0":1,"1":1},"f":{},"b":{},"meta":{"lastBranch":0,"lastFunction":0,"lastStatement":2,"seen":{"s:5:29:18:Infinity":0,"s:30:24:30:Infinity":1}}}
,"C:\\Users\\Marinara Souza Silva\\Desktop\\Estudo CSharp\\Portifólio\\JVM-LauchPad\\jvm-launchpad-front\\jvm-launchpad-front\\src\\squad5\\components\\Button\\index.tsx": {"path":"C:\\Users\\Marinara Souza Silva\\Desktop\\Estudo CSharp\\Portifólio\\JVM-LauchPad\\jvm-launchpad-front\\jvm-launchpad-front\\src\\squad5\\components\\Button\\index.tsx","statementMap":{"0":{"start":{"line":5,"column":22},"end":{"line":13,"column":null}},"1":{"start":{"line":7,"column":4},"end":{"line":10,"column":null}}},"fnMap":{"0":{"name":"(anonymous_0)","decl":{"start":{"line":5,"column":22},"end":{"line":5,"column":23}},"loc":{"start":{"line":5,"column":74},"end":{"line":13,"column":null}},"line":5}},"branchMap":{},"s":{"0":1,"1":6},"f":{"0":6},"b":{},"meta":{"lastBranch":0,"lastFunction":1,"lastStatement":2,"seen":{"s:5:22:13:Infinity":0,"f:5:22:5:23":0,"s:7:4:10:Infinity":1}}}
,"C:\\Users\\Marinara Souza Silva\\Desktop\\Estudo CSharp\\Portifólio\\JVM-LauchPad\\jvm-launchpad-front\\jvm-launchpad-front\\src\\squad5\\components\\Button\\styles.ts": {"path":"C:\\Users\\Marinara Souza Silva\\Desktop\\Estudo CSharp\\Portifólio\\JVM-LauchPad\\jvm-launchpad-front\\jvm-launchpad-front\\src\\squad5\\components\\Button\\styles.ts","statementMap":{"0":{"start":{"line":4,"column":31},"end":{"line":41,"column":null}},"1":{"start":{"line":10,"column":22},"end":{"line":10,"column":68}},"2":{"start":{"line":27,"column":36},"end":{"line":27,"column":75}},"3":{"start":{"line":41,"column":36},"end":{"line":41,"column":75}}},"fnMap":{"0":{"name":"(anonymous_0)","decl":{"start":{"line":10,"column":14},"end":{"line":10,"column":22}},"loc":{"start":{"line":10,"column":22},"end":{"line":10,"column":68}},"line":10},"1":{"name":"(anonymous_1)","decl":{"start":{"line":27,"column":28},"end":{"line":27,"column":36}},"loc":{"start":{"line":27,"column":36},"end":{"line":27,"column":75}},"line":27},"2":{"name":"(anonymous_2)","decl":{"start":{"line":41,"column":28},"end":{"line":41,"column":36}},"loc":{"start":{"line":41,"column":36},"end":{"line":41,"column":75}},"line":41}},"branchMap":{"0":{"loc":{"start":{"line":10,"column":22},"end":{"line":10,"column":68}},"type":"cond-expr","locations":[{"start":{"line":10,"column":40},"end":{"line":10,"column":62}},{"start":{"line":10,"column":62},"end":{"line":10,"column":68}}],"line":10},"1":{"loc":{"start":{"line":27,"column":36},"end":{"line":27,"column":75}},"type":"cond-expr","locations":[{"start":{"line":27,"column":54},"end":{"line":27,"column":66}},{"start":{"line":27,"column":66},"end":{"line":27,"column":75}}],"line":27},"2":{"loc":{"start":{"line":41,"column":36},"end":{"line":41,"column":75}},"type":"cond-expr","locations":[{"start":{"line":41,"column":54},"end":{"line":41,"column":66}},{"start":{"line":41,"column":66},"end":{"line":41,"column":75}}],"line":41}},"s":{"0":1,"1":6,"2":6,"3":6},"f":{"0":6,"1":6,"2":6},"b":{"0":[1,5],"1":[1,5],"2":[1,5]},"meta":{"lastBranch":3,"lastFunction":3,"lastStatement":4,"seen":{"s:4:31:41:Infinity":0,"f:10:14:10:22":0,"s:10:22:10:68":1,"b:10:40:10:62:10:62:10:68":0,"f:27:28:27:36":1,"s:27:36:27:75":2,"b:27:54:27:66:27:66:27:75":1,"f:41:28:41:36":2,"s:41:36:41:75":3,"b:41:54:41:66:41:66:41:75":2}}}
,"C:\\Users\\Marinara Souza Silva\\Desktop\\Estudo CSharp\\Portifólio\\JVM-LauchPad\\jvm-launchpad-front\\jvm-launchpad-front\\src\\squad5\\components\\Input\\index.tsx": {"path":"C:\\Users\\Marinara Souza Silva\\Desktop\\Estudo CSharp\\Portifólio\\JVM-LauchPad\\jvm-launchpad-front\\jvm-launchpad-front\\src\\squad5\\components\\Input\\index.tsx","statementMap":{"0":{"start":{"line":6,"column":4},"end":{"line":15,"column":null}},"1":{"start":{"line":21,"column":4},"end":{"line":22,"column":null}}},"fnMap":{"0":{"name":"Input","decl":{"start":{"line":5,"column":16},"end":{"line":5,"column":22}},"loc":{"start":{"line":5,"column":62},"end":{"line":17,"column":null}},"line":5},"1":{"name":"InputFile","decl":{"start":{"line":19,"column":16},"end":{"line":19,"column":26}},"loc":{"start":{"line":19,"column":125},"end":{"line":24,"column":null}},"line":19}},"branchMap":{"0":{"loc":{"start":{"line":10,"column":13},"end":{"line":13,"column":null}},"type":"binary-expr","locations":[{"start":{"line":10,"column":13},"end":{"line":10,"column":null}},{"start":{"line":11,"column":16},"end":{"line":13,"column":null}}],"line":10}},"s":{"0":4,"1":1},"f":{"0":4,"1":1},"b":{"0":[4,1]},"meta":{"lastBranch":1,"lastFunction":2,"lastStatement":2,"seen":{"f:5:16:5:22":0,"s:6:4:15:Infinity":0,"b:10:13:10:Infinity:11:16:13:Infinity":0,"f:19:16:19:26":1,"s:21:4:22:Infinity":1}}}
,"C:\\Users\\Marinara Souza Silva\\Desktop\\Estudo CSharp\\Portifólio\\JVM-LauchPad\\jvm-launchpad-front\\jvm-launchpad-front\\src\\squad5\\components\\Input\\styles.ts": {"path":"C:\\Users\\Marinara Souza Silva\\Desktop\\Estudo CSharp\\Portifólio\\JVM-LauchPad\\jvm-launchpad-front\\jvm-launchpad-front\\src\\squad5\\components\\Input\\styles.ts","statementMap":{"0":{"start":{"line":4,"column":30},"end":{"line":4,"column":null}},"1":{"start":{"line":19,"column":25},"end":{"line":19,"column":null}},"2":{"start":{"line":31,"column":26},"end":{"line":31,"column":null}},"3":{"start":{"line":40,"column":24},"end":{"line":40,"column":null}},"4":{"start":{"line":50,"column":32},"end":{"line":50,"column":null}}},"fnMap":{},"branchMap":{},"s":{"0":1,"1":1,"2":1,"3":1,"4":1},"f":{},"b":{},"meta":{"lastBranch":0,"lastFunction":0,"lastStatement":5,"seen":{"s:4:30:4:Infinity":0,"s:19:25:19:Infinity":1,"s:31:26:31:Infinity":2,"s:40:24:40:Infinity":3,"s:50:32:50:Infinity":4}}}
,"C:\\Users\\Marinara Souza Silva\\Desktop\\Estudo CSharp\\Portifólio\\JVM-LauchPad\\jvm-launchpad-front\\jvm-launchpad-front\\src\\squad5\\components\\Modal\\styles.ts": {"path":"C:\\Users\\Marinara Souza Silva\\Desktop\\Estudo CSharp\\Portifólio\\JVM-LauchPad\\jvm-launchpad-front\\jvm-launchpad-front\\src\\squad5\\components\\Modal\\styles.ts","statementMap":{"0":{"start":{"line":3,"column":25},"end":{"line":10,"column":null}},"1":{"start":{"line":10,"column":23},"end":{"line":10,"column":54}},"2":{"start":{"line":16,"column":27},"end":{"line":16,"column":null}},"3":{"start":{"line":32,"column":27},"end":{"line":32,"column":null}},"4":{"start":{"line":45,"column":35},"end":{"line":45,"column":null}},"5":{"start":{"line":56,"column":28},"end":{"line":56,"column":null}},"6":{"start":{"line":70,"column":32},"end":{"line":70,"column":null}},"7":{"start":{"line":80,"column":27},"end":{"line":80,"column":null}}},"fnMap":{"0":{"name":"(anonymous_0)","decl":{"start":{"line":10,"column":15},"end":{"line":10,"column":23}},"loc":{"start":{"line":10,"column":23},"end":{"line":10,"column":54}},"line":10}},"branchMap":{"0":{"loc":{"start":{"line":10,"column":23},"end":{"line":10,"column":54}},"type":"cond-expr","locations":[{"start":{"line":10,"column":39},"end":{"line":10,"column":48}},{"start":{"line":10,"column":48},"end":{"line":10,"column":54}}],"line":10}},"s":{"0":1,"1":3,"2":1,"3":1,"4":1,"5":1,"6":1,"7":1},"f":{"0":3},"b":{"0":[2,1]},"meta":{"lastBranch":1,"lastFunction":1,"lastStatement":8,"seen":{"s:3:25:10:Infinity":0,"f:10:15:10:23":0,"s:10:23:10:54":1,"b:10:39:10:48:10:48:10:54":0,"s:16:27:16:Infinity":2,"s:32:27:32:Infinity":3,"s:45:35:45:Infinity":4,"s:56:28:56:Infinity":5,"s:70:32:70:Infinity":6,"s:80:27:80:Infinity":7}}}
,"C:\\Users\\Marinara Souza Silva\\Desktop\\Estudo CSharp\\Portifólio\\JVM-LauchPad\\jvm-launchpad-front\\jvm-launchpad-front\\src\\squad5\\components\\Title\\index.tsx": {"path":"C:\\Users\\Marinara Souza Silva\\Desktop\\Estudo CSharp\\Portifólio\\JVM-LauchPad\\jvm-launchpad-front\\jvm-launchpad-front\\src\\squad5\\components\\Title\\index.tsx","statementMap":{"0":{"start":{"line":5,"column":27},"end":{"line":18,"column":null}},"1":{"start":{"line":7,"column":4},"end":{"line":16,"column":null}},"2":{"start":{"line":20,"column":33},"end":{"line":30,"column":null}},"3":{"start":{"line":22,"column":4},"end":{"line":28,"column":null}}},"fnMap":{"0":{"name":"(anonymous_0)","decl":{"start":{"line":5,"column":27},"end":{"line":5,"column":33}},"loc":{"start":{"line":5,"column":33},"end":{"line":18,"column":null}},"line":5},"1":{"name":"(anonymous_1)","decl":{"start":{"line":20,"column":33},"end":{"line":20,"column":39}},"loc":{"start":{"line":20,"column":39},"end":{"line":30,"column":null}},"line":20}},"branchMap":{},"s":{"0":1,"1":2,"2":1,"3":2},"f":{"0":2,"1":2},"b":{},"meta":{"lastBranch":0,"lastFunction":2,"lastStatement":4,"seen":{"s:5:27:18:Infinity":0,"f:5:27:5:33":0,"s:7:4:16:Infinity":1,"s:20:33:30:Infinity":2,"f:20:33:20:39":1,"s:22:4:28:Infinity":3}}}
,"C:\\Users\\Marinara Souza Silva\\Desktop\\Estudo CSharp\\Portifólio\\JVM-LauchPad\\jvm-launchpad-front\\jvm-launchpad-front\\src\\squad5\\components\\Title\\styles.ts": {"path":"C:\\Users\\Marinara Souza Silva\\Desktop\\Estudo CSharp\\Portifólio\\JVM-LauchPad\\jvm-launchpad-front\\jvm-launchpad-front\\src\\squad5\\components\\Title\\styles.ts","statementMap":{"0":{"start":{"line":3,"column":28},"end":{"line":3,"column":null}},"1":{"start":{"line":11,"column":29},"end":{"line":11,"column":null}},"2":{"start":{"line":21,"column":21},"end":{"line":21,"column":null}},"3":{"start":{"line":31,"column":34},"end":{"line":31,"column":null}},"4":{"start":{"line":39,"column":27},"end":{"line":39,"column":null}},"5":{"start":{"line":49,"column":33},"end":{"line":49,"column":null}}},"fnMap":{},"branchMap":{},"s":{"0":1,"1":1,"2":1,"3":1,"4":1,"5":1},"f":{},"b":{},"meta":{"lastBranch":0,"lastFunction":0,"lastStatement":6,"seen":{"s:3:28:3:Infinity":0,"s:11:29:11:Infinity":1,"s:21:21:21:Infinity":2,"s:31:34:31:Infinity":3,"s:39:27:39:Infinity":4,"s:49:33:49:Infinity":5}}}
}
